{"/home/runner/work/Microservice.Email/Microservice.Email/client/src/App.tsx": {"path":"/home/runner/work/Microservice.Email/Microservice.Email/client/src/App.tsx","statementMap":{"0":{"start":{"line":7,"column":6},"end":{"line":17,"column":null}},"1":{"start":{"line":20,"column":2},"end":{"line":31,"column":null}}},"fnMap":{"0":{"name":"App","decl":{"start":{"line":19,"column":9},"end":{"line":19,"column":15}},"loc":{"start":{"line":19,"column":15},"end":{"line":33,"column":null}},"line":19}},"branchMap":{},"s":{"0":0,"1":0},"f":{"0":0},"b":{},"meta":{"lastBranch":0,"lastFunction":1,"lastStatement":2,"seen":{"s:7:6:17:Infinity":0,"f:19:9:19:15":0,"s:20:2:31:Infinity":1}}}
,"/home/runner/work/Microservice.Email/Microservice.Email/client/src/components/index.ts": {"path":"/home/runner/work/Microservice.Email/Microservice.Email/client/src/components/index.ts","statementMap":{},"fnMap":{},"branchMap":{},"s":{},"f":{},"b":{},"meta":{"lastBranch":0,"lastFunction":0,"lastStatement":0,"seen":{}}}
,"/home/runner/work/Microservice.Email/Microservice.Email/client/src/components/DeleteConfirmation/DeleteConfirmation.tsx": {"path":"/home/runner/work/Microservice.Email/Microservice.Email/client/src/components/DeleteConfirmation/DeleteConfirmation.tsx","statementMap":{"0":{"start":{"line":20,"column":34},"end":{"line":65,"column":null}},"1":{"start":{"line":29,"column":2},"end":{"line":63,"column":null}}},"fnMap":{"0":{"name":"(anonymous_0)","decl":{"start":{"line":20,"column":34},"end":{"line":20,"column":35}},"loc":{"start":{"line":28,"column":31},"end":{"line":65,"column":null}},"line":28}},"branchMap":{"0":{"loc":{"start":{"line":22,"column":2},"end":{"line":22,"column":null}},"type":"default-arg","locations":[{"start":{"line":22,"column":10},"end":{"line":22,"column":null}}],"line":22},"1":{"loc":{"start":{"line":27,"column":2},"end":{"line":27,"column":null}},"type":"default-arg","locations":[{"start":{"line":27,"column":14},"end":{"line":27,"column":null}}],"line":27},"2":{"loc":{"start":{"line":41,"column":11},"end":{"line":45,"column":null}},"type":"binary-expr","locations":[{"start":{"line":41,"column":11},"end":{"line":41,"column":null}},{"start":{"line":42,"column":12},"end":{"line":45,"column":null}}],"line":41},"3":{"loc":{"start":{"line":60,"column":11},"end":{"line":60,"column":null}},"type":"cond-expr","locations":[{"start":{"line":60,"column":23},"end":{"line":60,"column":39}},{"start":{"line":60,"column":39},"end":{"line":60,"column":null}}],"line":60}},"s":{"0":1,"1":7},"f":{"0":7},"b":{"0":[7],"1":[7],"2":[7,1],"3":[1,6]},"meta":{"lastBranch":4,"lastFunction":1,"lastStatement":2,"seen":{"s:20:34:65:Infinity":0,"f:20:34:20:35":0,"b:22:10:22:Infinity":0,"b:27:14:27:Infinity":1,"s:29:2:63:Infinity":1,"b:41:11:41:Infinity:42:12:45:Infinity":2,"b:60:23:60:39:60:39:60:Infinity":3}}}
,"/home/runner/work/Microservice.Email/Microservice.Email/client/src/components/DeleteConfirmation/index.ts": {"path":"/home/runner/work/Microservice.Email/Microservice.Email/client/src/components/DeleteConfirmation/index.ts","statementMap":{},"fnMap":{},"branchMap":{},"s":{},"f":{},"b":{},"meta":{"lastBranch":0,"lastFunction":0,"lastStatement":0,"seen":{}}}
,"/home/runner/work/Microservice.Email/Microservice.Email/client/src/components/Layout/Layout.tsx": {"path":"/home/runner/work/Microservice.Email/Microservice.Email/client/src/components/Layout/Layout.tsx","statementMap":{"0":{"start":{"line":24,"column":21},"end":{"line":24,"column":null}},"1":{"start":{"line":36,"column":28},"end":{"line":39,"column":null}},"2":{"start":{"line":41,"column":22},"end":{"line":99,"column":null}},"3":{"start":{"line":42,"column":8},"end":{"line":42,"column":null}},"4":{"start":{"line":44,"column":2},"end":{"line":97,"column":null}},"5":{"start":{"line":49,"column":33},"end":{"line":49,"column":57}},"6":{"start":{"line":74,"column":14},"end":{"line":83,"column":null}}},"fnMap":{"0":{"name":"(anonymous_0)","decl":{"start":{"line":41,"column":22},"end":{"line":41,"column":23}},"loc":{"start":{"line":41,"column":53},"end":{"line":99,"column":null}},"line":41},"1":{"name":"(anonymous_1)","decl":{"start":{"line":49,"column":22},"end":{"line":49,"column":23}},"loc":{"start":{"line":49,"column":33},"end":{"line":49,"column":57}},"line":49},"2":{"name":"(anonymous_2)","decl":{"start":{"line":73,"column":26},"end":{"line":73,"column":27}},"loc":{"start":{"line":74,"column":14},"end":{"line":83,"column":null}},"line":74}},"branchMap":{},"s":{"0":0,"1":0,"2":0,"3":0,"4":0,"5":0,"6":0},"f":{"0":0,"1":0,"2":0},"b":{},"meta":{"lastBranch":0,"lastFunction":3,"lastStatement":7,"seen":{"s:24:21:24:Infinity":0,"s:36:28:39:Infinity":1,"s:41:22:99:Infinity":2,"f:41:22:41:23":0,"s:42:8:42:Infinity":3,"s:44:2:97:Infinity":4,"f:49:22:49:23":1,"s:49:33:49:57":5,"f:73:26:73:27":2,"s:74:14:83:Infinity":6}}}
,"/home/runner/work/Microservice.Email/Microservice.Email/client/src/components/Layout/index.ts": {"path":"/home/runner/work/Microservice.Email/Microservice.Email/client/src/components/Layout/index.ts","statementMap":{},"fnMap":{},"branchMap":{},"s":{},"f":{},"b":{},"meta":{"lastBranch":0,"lastFunction":0,"lastStatement":0,"seen":{}}}
,"/home/runner/work/Microservice.Email/Microservice.Email/client/src/components/NotificationAlert/NotificationAlert.tsx": {"path":"/home/runner/work/Microservice.Email/Microservice.Email/client/src/components/NotificationAlert/NotificationAlert.tsx","statementMap":{"0":{"start":{"line":5,"column":33},"end":{"line":46,"column":null}},"1":{"start":{"line":6,"column":8},"end":{"line":6,"column":null}},"2":{"start":{"line":7,"column":8},"end":{"line":7,"column":null}},"3":{"start":{"line":8,"column":32},"end":{"line":8,"column":null}},"4":{"start":{"line":11,"column":2},"end":{"line":21,"column":null}},"5":{"start":{"line":12,"column":4},"end":{"line":14,"column":null}},"6":{"start":{"line":13,"column":6},"end":{"line":13,"column":null}},"7":{"start":{"line":16,"column":18},"end":{"line":18,"column":null}},"8":{"start":{"line":17,"column":6},"end":{"line":17,"column":null}},"9":{"start":{"line":20,"column":4},"end":{"line":20,"column":null}},"10":{"start":{"line":20,"column":17},"end":{"line":20,"column":null}},"11":{"start":{"line":22,"column":22},"end":{"line":24,"column":null}},"12":{"start":{"line":23,"column":4},"end":{"line":23,"column":null}},"13":{"start":{"line":26,"column":2},"end":{"line":26,"column":null}},"14":{"start":{"line":26,"column":34},"end":{"line":26,"column":null}},"15":{"start":{"line":28,"column":30},"end":{"line":28,"column":null}},"16":{"start":{"line":30,"column":2},"end":{"line":44,"column":null}},"17":{"start":{"line":34,"column":21},"end":{"line":34,"column":null}},"18":{"start":{"line":37,"column":23},"end":{"line":37,"column":null}}},"fnMap":{"0":{"name":"(anonymous_0)","decl":{"start":{"line":5,"column":33},"end":{"line":5,"column":39}},"loc":{"start":{"line":5,"column":39},"end":{"line":46,"column":null}},"line":5},"1":{"name":"(anonymous_1)","decl":{"start":{"line":11,"column":12},"end":{"line":11,"column":18}},"loc":{"start":{"line":11,"column":18},"end":{"line":21,"column":5}},"line":11},"2":{"name":"(anonymous_2)","decl":{"start":{"line":16,"column":29},"end":{"line":16,"column":35}},"loc":{"start":{"line":16,"column":35},"end":{"line":18,"column":7}},"line":16},"3":{"name":"(anonymous_3)","decl":{"start":{"line":20,"column":11},"end":{"line":20,"column":17}},"loc":{"start":{"line":20,"column":17},"end":{"line":20,"column":null}},"line":20},"4":{"name":"(anonymous_4)","decl":{"start":{"line":22,"column":22},"end":{"line":22,"column":23}},"loc":{"start":{"line":22,"column":38},"end":{"line":24,"column":null}},"line":22},"5":{"name":"(anonymous_5)","decl":{"start":{"line":34,"column":15},"end":{"line":34,"column":21}},"loc":{"start":{"line":34,"column":21},"end":{"line":34,"column":null}},"line":34},"6":{"name":"(anonymous_6)","decl":{"start":{"line":37,"column":17},"end":{"line":37,"column":23}},"loc":{"start":{"line":37,"column":23},"end":{"line":37,"column":null}},"line":37}},"branchMap":{"0":{"loc":{"start":{"line":12,"column":4},"end":{"line":14,"column":null}},"type":"if","locations":[{"start":{"line":12,"column":4},"end":{"line":14,"column":null}},{"start":{},"end":{}}],"line":12},"1":{"loc":{"start":{"line":26,"column":2},"end":{"line":26,"column":null}},"type":"if","locations":[{"start":{"line":26,"column":2},"end":{"line":26,"column":null}},{"start":{},"end":{}}],"line":26}},"s":{"0":0,"1":0,"2":0,"3":0,"4":0,"5":0,"6":0,"7":0,"8":0,"9":0,"10":0,"11":0,"12":0,"13":0,"14":0,"15":0,"16":0,"17":0,"18":0},"f":{"0":0,"1":0,"2":0,"3":0,"4":0,"5":0,"6":0},"b":{"0":[0,0],"1":[0,0]},"meta":{"lastBranch":2,"lastFunction":7,"lastStatement":19,"seen":{"s:5:33:46:Infinity":0,"f:5:33:5:39":0,"s:6:8:6:Infinity":1,"s:7:8:7:Infinity":2,"s:8:32:8:Infinity":3,"s:11:2:21:Infinity":4,"f:11:12:11:18":1,"b:12:4:14:Infinity:undefined:undefined:undefined:undefined":0,"s:12:4:14:Infinity":5,"s:13:6:13:Infinity":6,"s:16:18:18:Infinity":7,"f:16:29:16:35":2,"s:17:6:17:Infinity":8,"s:20:4:20:Infinity":9,"f:20:11:20:17":3,"s:20:17:20:Infinity":10,"s:22:22:24:Infinity":11,"f:22:22:22:23":4,"s:23:4:23:Infinity":12,"b:26:2:26:Infinity:undefined:undefined:undefined:undefined":1,"s:26:2:26:Infinity":13,"s:26:34:26:Infinity":14,"s:28:30:28:Infinity":15,"s:30:2:44:Infinity":16,"f:34:15:34:21":5,"s:34:21:34:Infinity":17,"f:37:17:37:23":6,"s:37:23:37:Infinity":18}}}
,"/home/runner/work/Microservice.Email/Microservice.Email/client/src/components/NotificationAlert/index.ts": {"path":"/home/runner/work/Microservice.Email/Microservice.Email/client/src/components/NotificationAlert/index.ts","statementMap":{},"fnMap":{},"branchMap":{},"s":{},"f":{},"b":{},"meta":{"lastBranch":0,"lastFunction":0,"lastStatement":0,"seen":{}}}
,"/home/runner/work/Microservice.Email/Microservice.Email/client/src/components/TemplateForm/TemplateForm.tsx": {"path":"/home/runner/work/Microservice.Email/Microservice.Email/client/src/components/TemplateForm/TemplateForm.tsx","statementMap":{"0":{"start":{"line":23,"column":28},"end":{"line":147,"column":null}},"1":{"start":{"line":24,"column":30},"end":{"line":28,"column":null}},"2":{"start":{"line":29,"column":26},"end":{"line":29,"column":null}},"3":{"start":{"line":30,"column":8},"end":{"line":30,"column":null}},"4":{"start":{"line":32,"column":19},"end":{"line":49,"column":null}},"5":{"start":{"line":33,"column":71},"end":{"line":33,"column":null}},"6":{"start":{"line":35,"column":4},"end":{"line":37,"column":null}},"7":{"start":{"line":36,"column":6},"end":{"line":36,"column":null}},"8":{"start":{"line":39,"column":4},"end":{"line":41,"column":null}},"9":{"start":{"line":40,"column":6},"end":{"line":40,"column":null}},"10":{"start":{"line":43,"column":4},"end":{"line":45,"column":null}},"11":{"start":{"line":44,"column":6},"end":{"line":44,"column":null}},"12":{"start":{"line":47,"column":4},"end":{"line":47,"column":null}},"13":{"start":{"line":48,"column":4},"end":{"line":48,"column":null}},"14":{"start":{"line":51,"column":23},"end":{"line":63,"column":null}},"15":{"start":{"line":52,"column":4},"end":{"line":52,"column":null}},"16":{"start":{"line":54,"column":4},"end":{"line":54,"column":null}},"17":{"start":{"line":54,"column":21},"end":{"line":54,"column":null}},"18":{"start":{"line":56,"column":4},"end":{"line":62,"column":null}},"19":{"start":{"line":57,"column":6},"end":{"line":61,"column":null}},"20":{"start":{"line":65,"column":27},"end":{"line":71,"column":null}},"21":{"start":{"line":66,"column":17},"end":{"line":66,"column":null}},"22":{"start":{"line":67,"column":4},"end":{"line":67,"column":null}},"23":{"start":{"line":67,"column":27},"end":{"line":67,"column":45}},"24":{"start":{"line":68,"column":4},"end":{"line":70,"column":null}},"25":{"start":{"line":69,"column":6},"end":{"line":69,"column":null}},"26":{"start":{"line":69,"column":27},"end":{"line":69,"column":56}},"27":{"start":{"line":73,"column":32},"end":{"line":75,"column":null}},"28":{"start":{"line":74,"column":4},"end":{"line":74,"column":null}},"29":{"start":{"line":77,"column":2},"end":{"line":145,"column":null}},"30":{"start":{"line":87,"column":27},"end":{"line":87,"column":null}},"31":{"start":{"line":87,"column":50},"end":{"line":87,"column":84}},"32":{"start":{"line":100,"column":27},"end":{"line":100,"column":null}},"33":{"start":{"line":100,"column":50},"end":{"line":100,"column":84}}},"fnMap":{"0":{"name":"(anonymous_0)","decl":{"start":{"line":23,"column":28},"end":{"line":23,"column":29}},"loc":{"start":{"line":23,"column":84},"end":{"line":147,"column":null}},"line":23},"1":{"name":"(anonymous_1)","decl":{"start":{"line":32,"column":19},"end":{"line":32,"column":34}},"loc":{"start":{"line":32,"column":34},"end":{"line":49,"column":null}},"line":32},"2":{"name":"(anonymous_2)","decl":{"start":{"line":51,"column":23},"end":{"line":51,"column":24}},"loc":{"start":{"line":51,"column":41},"end":{"line":63,"column":null}},"line":51},"3":{"name":"(anonymous_3)","decl":{"start":{"line":65,"column":27},"end":{"line":65,"column":28}},"loc":{"start":{"line":65,"column":71},"end":{"line":71,"column":null}},"line":65},"4":{"name":"(anonymous_4)","decl":{"start":{"line":67,"column":16},"end":{"line":67,"column":17}},"loc":{"start":{"line":67,"column":27},"end":{"line":67,"column":45}},"line":67},"5":{"name":"(anonymous_5)","decl":{"start":{"line":69,"column":16},"end":{"line":69,"column":17}},"loc":{"start":{"line":69,"column":27},"end":{"line":69,"column":56}},"line":69},"6":{"name":"(anonymous_6)","decl":{"start":{"line":73,"column":32},"end":{"line":73,"column":38}},"loc":{"start":{"line":73,"column":38},"end":{"line":75,"column":null}},"line":73},"7":{"name":"(anonymous_7)","decl":{"start":{"line":87,"column":20},"end":{"line":87,"column":21}},"loc":{"start":{"line":87,"column":27},"end":{"line":87,"column":null}},"line":87},"8":{"name":"(anonymous_8)","decl":{"start":{"line":87,"column":39},"end":{"line":87,"column":40}},"loc":{"start":{"line":87,"column":50},"end":{"line":87,"column":84}},"line":87},"9":{"name":"(anonymous_9)","decl":{"start":{"line":100,"column":20},"end":{"line":100,"column":21}},"loc":{"start":{"line":100,"column":27},"end":{"line":100,"column":null}},"line":100},"10":{"name":"(anonymous_10)","decl":{"start":{"line":100,"column":39},"end":{"line":100,"column":40}},"loc":{"start":{"line":100,"column":50},"end":{"line":100,"column":84}},"line":100}},"branchMap":{"0":{"loc":{"start":{"line":23,"column":41},"end":{"line":23,"column":59}},"type":"default-arg","locations":[{"start":{"line":23,"column":53},"end":{"line":23,"column":59}}],"line":23},"1":{"loc":{"start":{"line":35,"column":4},"end":{"line":37,"column":null}},"type":"if","locations":[{"start":{"line":35,"column":4},"end":{"line":37,"column":null}},{"start":{},"end":{}}],"line":35},"2":{"loc":{"start":{"line":39,"column":4},"end":{"line":41,"column":null}},"type":"if","locations":[{"start":{"line":39,"column":4},"end":{"line":41,"column":null}},{"start":{},"end":{}}],"line":39},"3":{"loc":{"start":{"line":43,"column":4},"end":{"line":45,"column":null}},"type":"if","locations":[{"start":{"line":43,"column":4},"end":{"line":45,"column":null}},{"start":{},"end":{}}],"line":43},"4":{"loc":{"start":{"line":54,"column":4},"end":{"line":54,"column":null}},"type":"if","locations":[{"start":{"line":54,"column":4},"end":{"line":54,"column":null}},{"start":{},"end":{}}],"line":54},"5":{"loc":{"start":{"line":56,"column":4},"end":{"line":62,"column":null}},"type":"if","locations":[{"start":{"line":56,"column":4},"end":{"line":62,"column":null}},{"start":{},"end":{}}],"line":56},"6":{"loc":{"start":{"line":66,"column":17},"end":{"line":66,"column":null}},"type":"binary-expr","locations":[{"start":{"line":66,"column":17},"end":{"line":66,"column":40}},{"start":{"line":66,"column":40},"end":{"line":66,"column":null}}],"line":66},"7":{"loc":{"start":{"line":68,"column":4},"end":{"line":70,"column":null}},"type":"if","locations":[{"start":{"line":68,"column":4},"end":{"line":70,"column":null}},{"start":{},"end":{}}],"line":68},"8":{"loc":{"start":{"line":102,"column":22},"end":{"line":102,"column":null}},"type":"binary-expr","locations":[{"start":{"line":102,"column":22},"end":{"line":102,"column":37}},{"start":{"line":102,"column":37},"end":{"line":102,"column":null}}],"line":102},"9":{"loc":{"start":{"line":125,"column":13},"end":{"line":125,"column":null}},"type":"cond-expr","locations":[{"start":{"line":125,"column":29},"end":{"line":125,"column":50}},{"start":{"line":125,"column":50},"end":{"line":125,"column":null}}],"line":125},"10":{"loc":{"start":{"line":127,"column":11},"end":{"line":130,"column":null}},"type":"binary-expr","locations":[{"start":{"line":127,"column":11},"end":{"line":127,"column":null}},{"start":{"line":128,"column":12},"end":{"line":130,"column":null}}],"line":127},"11":{"loc":{"start":{"line":141,"column":13},"end":{"line":141,"column":null}},"type":"cond-expr","locations":[{"start":{"line":141,"column":25},"end":{"line":141,"column":58}},{"start":{"line":141,"column":58},"end":{"line":141,"column":null}}],"line":141}},"s":{"0":1,"1":56,"2":56,"3":56,"4":56,"5":2,"6":2,"7":1,"8":2,"9":1,"10":2,"11":1,"12":2,"13":2,"14":56,"15":2,"16":2,"17":1,"18":1,"19":1,"20":56,"21":2,"22":2,"23":2,"24":2,"25":2,"26":2,"27":56,"28":0,"29":56,"30":26,"31":26,"32":20,"33":20},"f":{"0":56,"1":2,"2":2,"3":2,"4":2,"5":2,"6":0,"7":26,"8":26,"9":20,"10":20},"b":{"0":[56],"1":[1,1],"2":[1,1],"3":[1,1],"4":[1,1],"5":[1,0],"6":[2,0],"7":[2,0],"8":[56,55],"9":[3,53],"10":[56,1],"11":[1,55]},"meta":{"lastBranch":12,"lastFunction":11,"lastStatement":34,"seen":{"s:23:28:147:Infinity":0,"f:23:28:23:29":0,"b:23:53:23:59":0,"s:24:30:28:Infinity":1,"s:29:26:29:Infinity":2,"s:30:8:30:Infinity":3,"s:32:19:49:Infinity":4,"f:32:19:32:34":1,"s:33:71:33:Infinity":5,"b:35:4:37:Infinity:undefined:undefined:undefined:undefined":1,"s:35:4:37:Infinity":6,"s:36:6:36:Infinity":7,"b:39:4:41:Infinity:undefined:undefined:undefined:undefined":2,"s:39:4:41:Infinity":8,"s:40:6:40:Infinity":9,"b:43:4:45:Infinity:undefined:undefined:undefined:undefined":3,"s:43:4:45:Infinity":10,"s:44:6:44:Infinity":11,"s:47:4:47:Infinity":12,"s:48:4:48:Infinity":13,"s:51:23:63:Infinity":14,"f:51:23:51:24":2,"s:52:4:52:Infinity":15,"b:54:4:54:Infinity:undefined:undefined:undefined:undefined":4,"s:54:4:54:Infinity":16,"s:54:21:54:Infinity":17,"b:56:4:62:Infinity:undefined:undefined:undefined:undefined":5,"s:56:4:62:Infinity":18,"s:57:6:61:Infinity":19,"s:65:27:71:Infinity":20,"f:65:27:65:28":3,"s:66:17:66:Infinity":21,"b:66:17:66:40:66:40:66:Infinity":6,"s:67:4:67:Infinity":22,"f:67:16:67:17":4,"s:67:27:67:45":23,"b:68:4:70:Infinity:undefined:undefined:undefined:undefined":7,"s:68:4:70:Infinity":24,"s:69:6:69:Infinity":25,"f:69:16:69:17":5,"s:69:27:69:56":26,"s:73:32:75:Infinity":27,"f:73:32:73:38":6,"s:74:4:74:Infinity":28,"s:77:2:145:Infinity":29,"f:87:20:87:21":7,"s:87:27:87:Infinity":30,"f:87:39:87:40":8,"s:87:50:87:84":31,"f:100:20:100:21":9,"s:100:27:100:Infinity":32,"f:100:39:100:40":10,"s:100:50:100:84":33,"b:102:22:102:37:102:37:102:Infinity":8,"b:125:29:125:50:125:50:125:Infinity":9,"b:127:11:127:Infinity:128:12:130:Infinity":10,"b:141:25:141:58:141:58:141:Infinity":11}}}
,"/home/runner/work/Microservice.Email/Microservice.Email/client/src/components/TemplateForm/index.ts": {"path":"/home/runner/work/Microservice.Email/Microservice.Email/client/src/components/TemplateForm/index.ts","statementMap":{},"fnMap":{},"branchMap":{},"s":{},"f":{},"b":{},"meta":{"lastBranch":0,"lastFunction":0,"lastStatement":0,"seen":{}}}
,"/home/runner/work/Microservice.Email/Microservice.Email/client/src/components/TemplateTable/TemplateTable.tsx": {"path":"/home/runner/work/Microservice.Email/Microservice.Email/client/src/components/TemplateTable/TemplateTable.tsx","statementMap":{"0":{"start":{"line":25,"column":29},"end":{"line":141,"column":null}},"1":{"start":{"line":26,"column":22},"end":{"line":26,"column":null}},"2":{"start":{"line":27,"column":36},"end":{"line":27,"column":null}},"3":{"start":{"line":29,"column":27},"end":{"line":31,"column":null}},"4":{"start":{"line":30,"column":4},"end":{"line":30,"column":null}},"5":{"start":{"line":33,"column":34},"end":{"line":36,"column":null}},"6":{"start":{"line":34,"column":4},"end":{"line":34,"column":null}},"7":{"start":{"line":35,"column":4},"end":{"line":35,"column":null}},"8":{"start":{"line":38,"column":25},"end":{"line":44,"column":null}},"9":{"start":{"line":39,"column":4},"end":{"line":39,"column":null}},"10":{"start":{"line":39,"column":21},"end":{"line":39,"column":null}},"11":{"start":{"line":40,"column":14},"end":{"line":40,"column":null}},"12":{"start":{"line":41,"column":18},"end":{"line":41,"column":null}},"13":{"start":{"line":42,"column":14},"end":{"line":42,"column":null}},"14":{"start":{"line":43,"column":4},"end":{"line":43,"column":null}},"15":{"start":{"line":47,"column":2},"end":{"line":74,"column":null}},"16":{"start":{"line":48,"column":4},"end":{"line":72,"column":null}},"17":{"start":{"line":62,"column":14},"end":{"line":68,"column":null}},"18":{"start":{"line":77,"column":2},"end":{"line":88,"column":null}},"19":{"start":{"line":78,"column":4},"end":{"line":86,"column":null}},"20":{"start":{"line":90,"column":29},"end":{"line":93,"column":null}},"21":{"start":{"line":95,"column":2},"end":{"line":139,"column":null}},"22":{"start":{"line":110,"column":14},"end":{"line":125,"column":null}},"23":{"start":{"line":117,"column":35},"end":{"line":117,"column":null}}},"fnMap":{"0":{"name":"(anonymous_0)","decl":{"start":{"line":25,"column":29},"end":{"line":25,"column":30}},"loc":{"start":{"line":25,"column":97},"end":{"line":141,"column":null}},"line":25},"1":{"name":"(anonymous_1)","decl":{"start":{"line":29,"column":27},"end":{"line":29,"column":28}},"loc":{"start":{"line":29,"column":60},"end":{"line":31,"column":null}},"line":29},"2":{"name":"(anonymous_2)","decl":{"start":{"line":33,"column":34},"end":{"line":33,"column":35}},"loc":{"start":{"line":33,"column":82},"end":{"line":36,"column":null}},"line":33},"3":{"name":"(anonymous_3)","decl":{"start":{"line":38,"column":25},"end":{"line":38,"column":26}},"loc":{"start":{"line":38,"column":52},"end":{"line":44,"column":null}},"line":38},"4":{"name":"(anonymous_4)","decl":{"start":{"line":61,"column":31},"end":{"line":61,"column":32}},"loc":{"start":{"line":62,"column":14},"end":{"line":68,"column":null}},"line":62},"5":{"name":"(anonymous_5)","decl":{"start":{"line":109,"column":36},"end":{"line":109,"column":37}},"loc":{"start":{"line":110,"column":14},"end":{"line":125,"column":null}},"line":110},"6":{"name":"(anonymous_6)","decl":{"start":{"line":117,"column":29},"end":{"line":117,"column":35}},"loc":{"start":{"line":117,"column":35},"end":{"line":117,"column":null}},"line":117}},"branchMap":{"0":{"loc":{"start":{"line":25,"column":53},"end":{"line":25,"column":71}},"type":"default-arg","locations":[{"start":{"line":25,"column":65},"end":{"line":25,"column":71}}],"line":25},"1":{"loc":{"start":{"line":39,"column":4},"end":{"line":39,"column":null}},"type":"if","locations":[{"start":{"line":39,"column":4},"end":{"line":39,"column":null}},{"start":{},"end":{}}],"line":39},"2":{"loc":{"start":{"line":47,"column":2},"end":{"line":74,"column":null}},"type":"if","locations":[{"start":{"line":47,"column":2},"end":{"line":74,"column":null}},{"start":{},"end":{}}],"line":47},"3":{"loc":{"start":{"line":77,"column":2},"end":{"line":88,"column":null}},"type":"if","locations":[{"start":{"line":77,"column":2},"end":{"line":88,"column":null}},{"start":{},"end":{}}],"line":77}},"s":{"0":1,"1":7,"2":7,"3":7,"4":0,"5":7,"6":0,"7":0,"8":7,"9":15,"10":0,"11":15,"12":15,"13":15,"14":15,"15":7,"16":1,"17":5,"18":6,"19":1,"20":5,"21":5,"22":15,"23":1},"f":{"0":7,"1":0,"2":0,"3":15,"4":5,"5":15,"6":1},"b":{"0":[7],"1":[0,15],"2":[1,6],"3":[1,5]},"meta":{"lastBranch":4,"lastFunction":7,"lastStatement":24,"seen":{"s:25:29:141:Infinity":0,"f:25:29:25:30":0,"b:25:65:25:71":0,"s:26:22:26:Infinity":1,"s:27:36:27:Infinity":2,"s:29:27:31:Infinity":3,"f:29:27:29:28":1,"s:30:4:30:Infinity":4,"s:33:34:36:Infinity":5,"f:33:34:33:35":2,"s:34:4:34:Infinity":6,"s:35:4:35:Infinity":7,"s:38:25:44:Infinity":8,"f:38:25:38:26":3,"b:39:4:39:Infinity:undefined:undefined:undefined:undefined":1,"s:39:4:39:Infinity":9,"s:39:21:39:Infinity":10,"s:40:14:40:Infinity":11,"s:41:18:41:Infinity":12,"s:42:14:42:Infinity":13,"s:43:4:43:Infinity":14,"b:47:2:74:Infinity:undefined:undefined:undefined:undefined":2,"s:47:2:74:Infinity":15,"s:48:4:72:Infinity":16,"f:61:31:61:32":4,"s:62:14:68:Infinity":17,"b:77:2:88:Infinity:undefined:undefined:undefined:undefined":3,"s:77:2:88:Infinity":18,"s:78:4:86:Infinity":19,"s:90:29:93:Infinity":20,"s:95:2:139:Infinity":21,"f:109:36:109:37":5,"s:110:14:125:Infinity":22,"f:117:29:117:35":6,"s:117:35:117:Infinity":23}}}
,"/home/runner/work/Microservice.Email/Microservice.Email/client/src/components/TemplateTable/index.ts": {"path":"/home/runner/work/Microservice.Email/Microservice.Email/client/src/components/TemplateTable/index.ts","statementMap":{},"fnMap":{},"branchMap":{},"s":{},"f":{},"b":{},"meta":{"lastBranch":0,"lastFunction":0,"lastStatement":0,"seen":{}}}
,"/home/runner/work/Microservice.Email/Microservice.Email/client/src/pages/index.ts": {"path":"/home/runner/work/Microservice.Email/Microservice.Email/client/src/pages/index.ts","statementMap":{},"fnMap":{},"branchMap":{},"s":{},"f":{},"b":{},"meta":{"lastBranch":0,"lastFunction":0,"lastStatement":0,"seen":{}}}
,"/home/runner/work/Microservice.Email/Microservice.Email/client/src/pages/CreateTemplatePage/CreateTemplatePage.tsx": {"path":"/home/runner/work/Microservice.Email/Microservice.Email/client/src/pages/CreateTemplatePage/CreateTemplatePage.tsx","statementMap":{"0":{"start":{"line":13,"column":34},"end":{"line":50,"column":null}},"1":{"start":{"line":14,"column":8},"end":{"line":14,"column":null}},"2":{"start":{"line":15,"column":8},"end":{"line":15,"column":null}},"3":{"start":{"line":16,"column":8},"end":{"line":16,"column":null}},"4":{"start":{"line":18,"column":23},"end":{"line":29,"column":null}},"5":{"start":{"line":19,"column":19},"end":{"line":19,"column":null}},"6":{"start":{"line":20,"column":4},"end":{"line":28,"column":null}},"7":{"start":{"line":21,"column":6},"end":{"line":21,"column":null}},"8":{"start":{"line":22,"column":6},"end":{"line":22,"column":null}},"9":{"start":{"line":23,"column":4},"end":{"line":28,"column":null}},"10":{"start":{"line":24,"column":6},"end":{"line":27,"column":null}},"11":{"start":{"line":31,"column":2},"end":{"line":48,"column":null}}},"fnMap":{"0":{"name":"(anonymous_0)","decl":{"start":{"line":13,"column":34},"end":{"line":13,"column":40}},"loc":{"start":{"line":13,"column":40},"end":{"line":50,"column":null}},"line":13},"1":{"name":"(anonymous_1)","decl":{"start":{"line":18,"column":23},"end":{"line":18,"column":30}},"loc":{"start":{"line":18,"column":83},"end":{"line":29,"column":null}},"line":18}},"branchMap":{"0":{"loc":{"start":{"line":20,"column":4},"end":{"line":28,"column":null}},"type":"if","locations":[{"start":{"line":20,"column":4},"end":{"line":28,"column":null}},{"start":{"line":23,"column":4},"end":{"line":28,"column":null}}],"line":20},"1":{"loc":{"start":{"line":23,"column":4},"end":{"line":28,"column":null}},"type":"if","locations":[{"start":{"line":23,"column":4},"end":{"line":28,"column":null}},{"start":{},"end":{}}],"line":23},"2":{"loc":{"start":{"line":25,"column":17},"end":{"line":25,"column":null}},"type":"binary-expr","locations":[{"start":{"line":25,"column":17},"end":{"line":25,"column":35}},{"start":{"line":25,"column":35},"end":{"line":25,"column":null}}],"line":25}},"s":{"0":0,"1":0,"2":0,"3":0,"4":0,"5":0,"6":0,"7":0,"8":0,"9":0,"10":0,"11":0},"f":{"0":0,"1":0},"b":{"0":[0,0],"1":[0,0],"2":[0,0]},"meta":{"lastBranch":3,"lastFunction":2,"lastStatement":12,"seen":{"s:13:34:50:Infinity":0,"f:13:34:13:40":0,"s:14:8:14:Infinity":1,"s:15:8:15:Infinity":2,"s:16:8:16:Infinity":3,"s:18:23:29:Infinity":4,"f:18:23:18:30":1,"s:19:19:19:Infinity":5,"b:20:4:28:Infinity:23:4:28:Infinity":0,"s:20:4:28:Infinity":6,"s:21:6:21:Infinity":7,"s:22:6:22:Infinity":8,"b:23:4:28:Infinity:undefined:undefined:undefined:undefined":1,"s:23:4:28:Infinity":9,"s:24:6:27:Infinity":10,"b:25:17:25:35:25:35:25:Infinity":2,"s:31:2:48:Infinity":11}}}
,"/home/runner/work/Microservice.Email/Microservice.Email/client/src/pages/CreateTemplatePage/index.ts": {"path":"/home/runner/work/Microservice.Email/Microservice.Email/client/src/pages/CreateTemplatePage/index.ts","statementMap":{},"fnMap":{},"branchMap":{},"s":{},"f":{},"b":{},"meta":{"lastBranch":0,"lastFunction":0,"lastStatement":0,"seen":{}}}
,"/home/runner/work/Microservice.Email/Microservice.Email/client/src/pages/TemplateListPage/TemplateListPage.tsx": {"path":"/home/runner/work/Microservice.Email/Microservice.Email/client/src/pages/TemplateListPage/TemplateListPage.tsx","statementMap":{"0":{"start":{"line":18,"column":32},"end":{"line":111,"column":null}},"1":{"start":{"line":19,"column":8},"end":{"line":19,"column":null}},"2":{"start":{"line":20,"column":8},"end":{"line":20,"column":null}},"3":{"start":{"line":21,"column":8},"end":{"line":21,"column":null}},"4":{"start":{"line":22,"column":8},"end":{"line":22,"column":null}},"5":{"start":{"line":24,"column":46},"end":{"line":24,"column":null}},"6":{"start":{"line":25,"column":46},"end":{"line":25,"column":null}},"7":{"start":{"line":27,"column":2},"end":{"line":29,"column":null}},"8":{"start":{"line":28,"column":4},"end":{"line":28,"column":null}},"9":{"start":{"line":31,"column":2},"end":{"line":35,"column":null}},"10":{"start":{"line":32,"column":4},"end":{"line":34,"column":null}},"11":{"start":{"line":33,"column":6},"end":{"line":33,"column":null}},"12":{"start":{"line":37,"column":24},"end":{"line":39,"column":null}},"13":{"start":{"line":38,"column":4},"end":{"line":38,"column":null}},"14":{"start":{"line":41,"column":28},"end":{"line":44,"column":null}},"15":{"start":{"line":42,"column":4},"end":{"line":42,"column":null}},"16":{"start":{"line":43,"column":4},"end":{"line":43,"column":null}},"17":{"start":{"line":46,"column":30},"end":{"line":55,"column":null}},"18":{"start":{"line":47,"column":4},"end":{"line":54,"column":null}},"19":{"start":{"line":48,"column":21},"end":{"line":48,"column":null}},"20":{"start":{"line":49,"column":6},"end":{"line":51,"column":null}},"21":{"start":{"line":50,"column":8},"end":{"line":50,"column":null}},"22":{"start":{"line":52,"column":6},"end":{"line":52,"column":null}},"23":{"start":{"line":53,"column":6},"end":{"line":53,"column":null}},"24":{"start":{"line":57,"column":29},"end":{"line":60,"column":null}},"25":{"start":{"line":58,"column":4},"end":{"line":58,"column":null}},"26":{"start":{"line":59,"column":4},"end":{"line":59,"column":null}},"27":{"start":{"line":62,"column":2},"end":{"line":109,"column":null}}},"fnMap":{"0":{"name":"(anonymous_0)","decl":{"start":{"line":18,"column":32},"end":{"line":18,"column":38}},"loc":{"start":{"line":18,"column":38},"end":{"line":111,"column":null}},"line":18},"1":{"name":"(anonymous_1)","decl":{"start":{"line":27,"column":12},"end":{"line":27,"column":18}},"loc":{"start":{"line":27,"column":18},"end":{"line":29,"column":5}},"line":27},"2":{"name":"(anonymous_2)","decl":{"start":{"line":31,"column":12},"end":{"line":31,"column":18}},"loc":{"start":{"line":31,"column":18},"end":{"line":35,"column":5}},"line":31},"3":{"name":"(anonymous_3)","decl":{"start":{"line":37,"column":24},"end":{"line":37,"column":30}},"loc":{"start":{"line":37,"column":30},"end":{"line":39,"column":null}},"line":37},"4":{"name":"(anonymous_4)","decl":{"start":{"line":41,"column":28},"end":{"line":41,"column":29}},"loc":{"start":{"line":41,"column":65},"end":{"line":44,"column":null}},"line":41},"5":{"name":"(anonymous_5)","decl":{"start":{"line":46,"column":30},"end":{"line":46,"column":42}},"loc":{"start":{"line":46,"column":42},"end":{"line":55,"column":null}},"line":46},"6":{"name":"(anonymous_6)","decl":{"start":{"line":57,"column":29},"end":{"line":57,"column":35}},"loc":{"start":{"line":57,"column":35},"end":{"line":60,"column":null}},"line":57}},"branchMap":{"0":{"loc":{"start":{"line":32,"column":4},"end":{"line":34,"column":null}},"type":"if","locations":[{"start":{"line":32,"column":4},"end":{"line":34,"column":null}},{"start":{},"end":{}}],"line":32},"1":{"loc":{"start":{"line":47,"column":4},"end":{"line":54,"column":null}},"type":"if","locations":[{"start":{"line":47,"column":4},"end":{"line":54,"column":null}},{"start":{},"end":{}}],"line":47},"2":{"loc":{"start":{"line":49,"column":6},"end":{"line":51,"column":null}},"type":"if","locations":[{"start":{"line":49,"column":6},"end":{"line":51,"column":null}},{"start":{},"end":{}}],"line":49}},"s":{"0":0,"1":0,"2":0,"3":0,"4":0,"5":0,"6":0,"7":0,"8":0,"9":0,"10":0,"11":0,"12":0,"13":0,"14":0,"15":0,"16":0,"17":0,"18":0,"19":0,"20":0,"21":0,"22":0,"23":0,"24":0,"25":0,"26":0,"27":0},"f":{"0":0,"1":0,"2":0,"3":0,"4":0,"5":0,"6":0},"b":{"0":[0,0],"1":[0,0],"2":[0,0]},"meta":{"lastBranch":3,"lastFunction":7,"lastStatement":28,"seen":{"s:18:32:111:Infinity":0,"f:18:32:18:38":0,"s:19:8:19:Infinity":1,"s:20:8:20:Infinity":2,"s:21:8:21:Infinity":3,"s:22:8:22:Infinity":4,"s:24:46:24:Infinity":5,"s:25:46:25:Infinity":6,"s:27:2:29:Infinity":7,"f:27:12:27:18":1,"s:28:4:28:Infinity":8,"s:31:2:35:Infinity":9,"f:31:12:31:18":2,"b:32:4:34:Infinity:undefined:undefined:undefined:undefined":0,"s:32:4:34:Infinity":10,"s:33:6:33:Infinity":11,"s:37:24:39:Infinity":12,"f:37:24:37:30":3,"s:38:4:38:Infinity":13,"s:41:28:44:Infinity":14,"f:41:28:41:29":4,"s:42:4:42:Infinity":15,"s:43:4:43:Infinity":16,"s:46:30:55:Infinity":17,"f:46:30:46:42":5,"b:47:4:54:Infinity:undefined:undefined:undefined:undefined":1,"s:47:4:54:Infinity":18,"s:48:21:48:Infinity":19,"b:49:6:51:Infinity:undefined:undefined:undefined:undefined":2,"s:49:6:51:Infinity":20,"s:50:8:50:Infinity":21,"s:52:6:52:Infinity":22,"s:53:6:53:Infinity":23,"s:57:29:60:Infinity":24,"f:57:29:57:35":6,"s:58:4:58:Infinity":25,"s:59:4:59:Infinity":26,"s:62:2:109:Infinity":27}}}
,"/home/runner/work/Microservice.Email/Microservice.Email/client/src/pages/TemplateListPage/index.ts": {"path":"/home/runner/work/Microservice.Email/Microservice.Email/client/src/pages/TemplateListPage/index.ts","statementMap":{},"fnMap":{},"branchMap":{},"s":{},"f":{},"b":{},"meta":{"lastBranch":0,"lastFunction":0,"lastStatement":0,"seen":{}}}
,"/home/runner/work/Microservice.Email/Microservice.Email/client/src/services/api.ts": {"path":"/home/runner/work/Microservice.Email/Microservice.Email/client/src/services/api.ts","statementMap":{"0":{"start":{"line":5,"column":24},"end":{"line":58,"column":null}},"1":{"start":{"line":7,"column":4},"end":{"line":8,"column":null}},"2":{"start":{"line":10,"column":17},"end":{"line":16,"column":null}},"3":{"start":{"line":19,"column":2},"end":{"line":38,"column":null}},"4":{"start":{"line":22,"column":6},"end":{"line":24,"column":null}},"5":{"start":{"line":23,"column":8},"end":{"line":23,"column":null}},"6":{"start":{"line":27,"column":20},"end":{"line":27,"column":null}},"7":{"start":{"line":28,"column":6},"end":{"line":30,"column":null}},"8":{"start":{"line":29,"column":8},"end":{"line":29,"column":null}},"9":{"start":{"line":32,"column":6},"end":{"line":32,"column":null}},"10":{"start":{"line":35,"column":6},"end":{"line":35,"column":null}},"11":{"start":{"line":36,"column":6},"end":{"line":36,"column":null}},"12":{"start":{"line":41,"column":2},"end":{"line":55,"column":null}},"13":{"start":{"line":44,"column":6},"end":{"line":46,"column":null}},"14":{"start":{"line":45,"column":8},"end":{"line":45,"column":null}},"15":{"start":{"line":47,"column":6},"end":{"line":47,"column":null}},"16":{"start":{"line":51,"column":23},"end":{"line":51,"column":null}},"17":{"start":{"line":52,"column":6},"end":{"line":52,"column":null}},"18":{"start":{"line":53,"column":6},"end":{"line":53,"column":null}},"19":{"start":{"line":57,"column":2},"end":{"line":57,"column":null}},"20":{"start":{"line":61,"column":29},"end":{"line":83,"column":null}},"21":{"start":{"line":62,"column":2},"end":{"line":82,"column":null}},"22":{"start":{"line":64,"column":17},"end":{"line":64,"column":null}},"23":{"start":{"line":65,"column":4},"end":{"line":69,"column":null}},"24":{"start":{"line":70,"column":2},"end":{"line":82,"column":null}},"25":{"start":{"line":72,"column":4},"end":{"line":75,"column":null}},"26":{"start":{"line":78,"column":4},"end":{"line":81,"column":null}},"27":{"start":{"line":86,"column":25},"end":{"line":86,"column":null}}},"fnMap":{"0":{"name":"(anonymous_0)","decl":{"start":{"line":5,"column":24},"end":{"line":5,"column":45}},"loc":{"start":{"line":5,"column":45},"end":{"line":58,"column":null}},"line":5},"1":{"name":"(anonymous_1)","decl":{"start":{"line":20,"column":4},"end":{"line":20,"column":5}},"loc":{"start":{"line":20,"column":44},"end":{"line":33,"column":null}},"line":20},"2":{"name":"(anonymous_2)","decl":{"start":{"line":34,"column":4},"end":{"line":34,"column":5}},"loc":{"start":{"line":34,"column":27},"end":{"line":37,"column":null}},"line":34},"3":{"name":"(anonymous_3)","decl":{"start":{"line":42,"column":4},"end":{"line":42,"column":5}},"loc":{"start":{"line":42,"column":33},"end":{"line":48,"column":null}},"line":42},"4":{"name":"(anonymous_4)","decl":{"start":{"line":49,"column":4},"end":{"line":49,"column":5}},"loc":{"start":{"line":49,"column":27},"end":{"line":54,"column":null}},"line":49},"5":{"name":"(anonymous_5)","decl":{"start":{"line":61,"column":29},"end":{"line":61,"column":30}},"loc":{"start":{"line":61,"column":62},"end":{"line":83,"column":null}},"line":61}},"branchMap":{"0":{"loc":{"start":{"line":7,"column":4},"end":{"line":8,"column":null}},"type":"binary-expr","locations":[{"start":{"line":7,"column":4},"end":{"line":7,"column":null}},{"start":{"line":8,"column":5},"end":{"line":8,"column":null}}],"line":7},"1":{"loc":{"start":{"line":8,"column":5},"end":{"line":8,"column":null}},"type":"cond-expr","locations":[{"start":{"line":8,"column":27},"end":{"line":8,"column":32}},{"start":{"line":8,"column":32},"end":{"line":8,"column":null}}],"line":8},"2":{"loc":{"start":{"line":22,"column":6},"end":{"line":24,"column":null}},"type":"if","locations":[{"start":{"line":22,"column":6},"end":{"line":24,"column":null}},{"start":{},"end":{}}],"line":22},"3":{"loc":{"start":{"line":28,"column":6},"end":{"line":30,"column":null}},"type":"if","locations":[{"start":{"line":28,"column":6},"end":{"line":30,"column":null}},{"start":{},"end":{}}],"line":28},"4":{"loc":{"start":{"line":28,"column":10},"end":{"line":28,"column":35}},"type":"binary-expr","locations":[{"start":{"line":28,"column":10},"end":{"line":28,"column":19}},{"start":{"line":28,"column":19},"end":{"line":28,"column":35}}],"line":28},"5":{"loc":{"start":{"line":44,"column":6},"end":{"line":46,"column":null}},"type":"if","locations":[{"start":{"line":44,"column":6},"end":{"line":46,"column":null}},{"start":{},"end":{}}],"line":44},"6":{"loc":{"start":{"line":62,"column":2},"end":{"line":82,"column":null}},"type":"if","locations":[{"start":{"line":62,"column":2},"end":{"line":82,"column":null}},{"start":{"line":70,"column":2},"end":{"line":82,"column":null}}],"line":62},"7":{"loc":{"start":{"line":66,"column":16},"end":{"line":66,"column":null}},"type":"binary-expr","locations":[{"start":{"line":66,"column":16},"end":{"line":66,"column":45}},{"start":{"line":66,"column":45},"end":{"line":66,"column":71}},{"start":{"line":66,"column":71},"end":{"line":66,"column":null}}],"line":66},"8":{"loc":{"start":{"line":68,"column":16},"end":{"line":68,"column":null}},"type":"binary-expr","locations":[{"start":{"line":68,"column":16},"end":{"line":68,"column":44}},{"start":{"line":68,"column":44},"end":{"line":68,"column":null}}],"line":68},"9":{"loc":{"start":{"line":70,"column":2},"end":{"line":82,"column":null}},"type":"if","locations":[{"start":{"line":70,"column":2},"end":{"line":82,"column":null}},{"start":{"line":76,"column":9},"end":{"line":82,"column":null}}],"line":70},"10":{"loc":{"start":{"line":79,"column":15},"end":{"line":79,"column":null}},"type":"binary-expr","locations":[{"start":{"line":79,"column":15},"end":{"line":79,"column":32}},{"start":{"line":79,"column":32},"end":{"line":79,"column":null}}],"line":79}},"s":{"0":1,"1":1,"2":1,"3":1,"4":0,"5":0,"6":0,"7":0,"8":0,"9":0,"10":0,"11":0,"12":1,"13":0,"14":0,"15":0,"16":0,"17":0,"18":0,"19":1,"20":1,"21":4,"22":2,"23":2,"24":2,"25":1,"26":1,"27":1},"f":{"0":1,"1":0,"2":0,"3":0,"4":0,"5":4},"b":{"0":[1,1],"1":[1,0],"2":[0,0],"3":[0,0],"4":[0,0],"5":[0,0],"6":[2,2],"7":[2,1,0],"8":[2,1],"9":[1,1],"10":[1,0]},"meta":{"lastBranch":11,"lastFunction":6,"lastStatement":28,"seen":{"s:5:24:58:Infinity":0,"f:5:24:5:45":0,"s:7:4:8:Infinity":1,"b:7:4:7:Infinity:8:5:8:Infinity":0,"b:8:27:8:32:8:32:8:Infinity":1,"s:10:17:16:Infinity":2,"s:19:2:38:Infinity":3,"f:20:4:20:5":1,"b:22:6:24:Infinity:undefined:undefined:undefined:undefined":2,"s:22:6:24:Infinity":4,"s:23:8:23:Infinity":5,"s:27:20:27:Infinity":6,"b:28:6:30:Infinity:undefined:undefined:undefined:undefined":3,"s:28:6:30:Infinity":7,"b:28:10:28:19:28:19:28:35":4,"s:29:8:29:Infinity":8,"s:32:6:32:Infinity":9,"f:34:4:34:5":2,"s:35:6:35:Infinity":10,"s:36:6:36:Infinity":11,"s:41:2:55:Infinity":12,"f:42:4:42:5":3,"b:44:6:46:Infinity:undefined:undefined:undefined:undefined":5,"s:44:6:46:Infinity":13,"s:45:8:45:Infinity":14,"s:47:6:47:Infinity":15,"f:49:4:49:5":4,"s:51:23:51:Infinity":16,"s:52:6:52:Infinity":17,"s:53:6:53:Infinity":18,"s:57:2:57:Infinity":19,"s:61:29:83:Infinity":20,"f:61:29:61:30":5,"b:62:2:82:Infinity:70:2:82:Infinity":6,"s:62:2:82:Infinity":21,"s:64:17:64:Infinity":22,"s:65:4:69:Infinity":23,"b:66:16:66:45:66:45:66:71:66:71:66:Infinity":7,"b:68:16:68:44:68:44:68:Infinity":8,"b:70:2:82:Infinity:76:9:82:Infinity":9,"s:70:2:82:Infinity":24,"s:72:4:75:Infinity":25,"s:78:4:81:Infinity":26,"b:79:15:79:32:79:32:79:Infinity":10,"s:86:25:86:Infinity":27}}}
,"/home/runner/work/Microservice.Email/Microservice.Email/client/src/services/index.ts": {"path":"/home/runner/work/Microservice.Email/Microservice.Email/client/src/services/index.ts","statementMap":{},"fnMap":{},"branchMap":{},"s":{},"f":{},"b":{},"meta":{"lastBranch":0,"lastFunction":0,"lastStatement":0,"seen":{}}}
,"/home/runner/work/Microservice.Email/Microservice.Email/client/src/services/templateService.ts": {"path":"/home/runner/work/Microservice.Email/Microservice.Email/client/src/services/templateService.ts","statementMap":{"0":{"start":{"line":4,"column":27},"end":{"line":4,"column":null}},"1":{"start":{"line":6,"column":31},"end":{"line":37,"column":null}},"2":{"start":{"line":11,"column":21},"end":{"line":11,"column":null}},"3":{"start":{"line":12,"column":4},"end":{"line":12,"column":null}},"4":{"start":{"line":19,"column":21},"end":{"line":19,"column":null}},"5":{"start":{"line":20,"column":4},"end":{"line":20,"column":null}},"6":{"start":{"line":21,"column":4},"end":{"line":21,"column":null}},"7":{"start":{"line":22,"column":4},"end":{"line":22,"column":null}},"8":{"start":{"line":24,"column":4},"end":{"line":28,"column":null}},"9":{"start":{"line":35,"column":4},"end":{"line":35,"column":null}}},"fnMap":{"0":{"name":"(anonymous_0)","decl":{"start":{"line":10,"column":10},"end":{"line":10,"column":56}},"loc":{"start":{"line":10,"column":56},"end":{"line":13,"column":null}},"line":10},"1":{"name":"(anonymous_1)","decl":{"start":{"line":18,"column":10},"end":{"line":18,"column":17}},"loc":{"start":{"line":18,"column":72},"end":{"line":29,"column":null}},"line":18},"2":{"name":"(anonymous_2)","decl":{"start":{"line":34,"column":10},"end":{"line":34,"column":17}},"loc":{"start":{"line":34,"column":55},"end":{"line":36,"column":null}},"line":34}},"branchMap":{},"s":{"0":1,"1":1,"2":2,"3":1,"4":1,"5":1,"6":1,"7":1,"8":1,"9":2},"f":{"0":2,"1":1,"2":2},"b":{},"meta":{"lastBranch":0,"lastFunction":3,"lastStatement":10,"seen":{"s:4:27:4:Infinity":0,"s:6:31:37:Infinity":1,"f:10:10:10:56":0,"s:11:21:11:Infinity":2,"s:12:4:12:Infinity":3,"f:18:10:18:17":1,"s:19:21:19:Infinity":4,"s:20:4:20:Infinity":5,"s:21:4:21:Infinity":6,"s:22:4:22:Infinity":7,"s:24:4:28:Infinity":8,"f:34:10:34:17":2,"s:35:4:35:Infinity":9}}}
,"/home/runner/work/Microservice.Email/Microservice.Email/client/src/store/hooks.ts": {"path":"/home/runner/work/Microservice.Email/Microservice.Email/client/src/store/hooks.ts","statementMap":{"0":{"start":{"line":5,"column":30},"end":{"line":5,"column":null}},"1":{"start":{"line":6,"column":63},"end":{"line":6,"column":null}}},"fnMap":{"0":{"name":"(anonymous_0)","decl":{"start":{"line":5,"column":30},"end":{"line":5,"column":36}},"loc":{"start":{"line":5,"column":30},"end":{"line":5,"column":null}},"line":5}},"branchMap":{},"s":{"0":0,"1":0},"f":{"0":0},"b":{},"meta":{"lastBranch":0,"lastFunction":1,"lastStatement":2,"seen":{"s:5:30:5:Infinity":0,"f:5:30:5:36":0,"s:6:63:6:Infinity":1}}}
,"/home/runner/work/Microservice.Email/Microservice.Email/client/src/store/index.ts": {"path":"/home/runner/work/Microservice.Email/Microservice.Email/client/src/store/index.ts","statementMap":{},"fnMap":{},"branchMap":{},"s":{},"f":{},"b":{},"meta":{"lastBranch":0,"lastFunction":0,"lastStatement":0,"seen":{}}}
,"/home/runner/work/Microservice.Email/Microservice.Email/client/src/store/store.ts": {"path":"/home/runner/work/Microservice.Email/Microservice.Email/client/src/store/store.ts","statementMap":{"0":{"start":{"line":5,"column":13},"end":{"line":24,"column":null}},"1":{"start":{"line":11,"column":4},"end":{"line":22,"column":null}}},"fnMap":{"0":{"name":"(anonymous_0)","decl":{"start":{"line":10,"column":14},"end":{"line":10,"column":15}},"loc":{"start":{"line":11,"column":4},"end":{"line":22,"column":null}},"line":11}},"branchMap":{},"s":{"0":0,"1":0},"f":{"0":0},"b":{},"meta":{"lastBranch":0,"lastFunction":1,"lastStatement":2,"seen":{"s:5:13:24:Infinity":0,"f:10:14:10:15":0,"s:11:4:22:Infinity":1}}}
,"/home/runner/work/Microservice.Email/Microservice.Email/client/src/store/templateSlice.ts": {"path":"/home/runner/work/Microservice.Email/Microservice.Email/client/src/store/templateSlice.ts","statementMap":{"0":{"start":{"line":14,"column":36},"end":{"line":19,"column":null}},"1":{"start":{"line":22,"column":13},"end":{"line":33,"column":null}},"2":{"start":{"line":27,"column":2},"end":{"line":32,"column":null}},"3":{"start":{"line":28,"column":4},"end":{"line":28,"column":null}},"4":{"start":{"line":30,"column":21},"end":{"line":30,"column":null}},"5":{"start":{"line":31,"column":4},"end":{"line":31,"column":null}},"6":{"start":{"line":35,"column":13},"end":{"line":48,"column":null}},"7":{"start":{"line":40,"column":2},"end":{"line":47,"column":null}},"8":{"start":{"line":41,"column":4},"end":{"line":41,"column":null}},"9":{"start":{"line":43,"column":4},"end":{"line":43,"column":null}},"10":{"start":{"line":45,"column":21},"end":{"line":45,"column":null}},"11":{"start":{"line":46,"column":4},"end":{"line":46,"column":null}},"12":{"start":{"line":50,"column":13},"end":{"line":62,"column":null}},"13":{"start":{"line":55,"column":2},"end":{"line":61,"column":null}},"14":{"start":{"line":56,"column":4},"end":{"line":56,"column":null}},"15":{"start":{"line":57,"column":4},"end":{"line":57,"column":null}},"16":{"start":{"line":59,"column":21},"end":{"line":59,"column":null}},"17":{"start":{"line":60,"column":4},"end":{"line":60,"column":null}},"18":{"start":{"line":65,"column":6},"end":{"line":117,"column":null}},"19":{"start":{"line":70,"column":6},"end":{"line":70,"column":null}},"20":{"start":{"line":73,"column":6},"end":{"line":73,"column":null}},"21":{"start":{"line":77,"column":4},"end":{"line":115,"column":null}},"22":{"start":{"line":80,"column":8},"end":{"line":80,"column":null}},"23":{"start":{"line":81,"column":8},"end":{"line":81,"column":null}},"24":{"start":{"line":84,"column":8},"end":{"line":84,"column":null}},"25":{"start":{"line":85,"column":8},"end":{"line":85,"column":null}},"26":{"start":{"line":88,"column":8},"end":{"line":88,"column":null}},"27":{"start":{"line":89,"column":8},"end":{"line":89,"column":null}},"28":{"start":{"line":93,"column":8},"end":{"line":93,"column":null}},"29":{"start":{"line":94,"column":8},"end":{"line":94,"column":null}},"30":{"start":{"line":97,"column":8},"end":{"line":97,"column":null}},"31":{"start":{"line":100,"column":8},"end":{"line":100,"column":null}},"32":{"start":{"line":101,"column":8},"end":{"line":101,"column":null}},"33":{"start":{"line":105,"column":8},"end":{"line":105,"column":null}},"34":{"start":{"line":106,"column":8},"end":{"line":106,"column":null}},"35":{"start":{"line":109,"column":8},"end":{"line":109,"column":null}},"36":{"start":{"line":110,"column":8},"end":{"line":110,"column":null}},"37":{"start":{"line":110,"column":56},"end":{"line":110,"column":79}},"38":{"start":{"line":113,"column":8},"end":{"line":113,"column":null}},"39":{"start":{"line":114,"column":8},"end":{"line":114,"column":null}},"40":{"start":{"line":120,"column":51},"end":{"line":120,"column":null}},"41":{"start":{"line":123,"column":31},"end":{"line":123,"column":null}},"42":{"start":{"line":123,"column":72},"end":{"line":123,"column":null}},"43":{"start":{"line":124,"column":38},"end":{"line":124,"column":null}},"44":{"start":{"line":124,"column":79},"end":{"line":124,"column":null}},"45":{"start":{"line":125,"column":36},"end":{"line":125,"column":null}},"46":{"start":{"line":125,"column":77},"end":{"line":125,"column":null}},"47":{"start":{"line":126,"column":38},"end":{"line":126,"column":null}},"48":{"start":{"line":126,"column":79},"end":{"line":126,"column":null}}},"fnMap":{"0":{"name":"(anonymous_0)","decl":{"start":{"line":26,"column":24},"end":{"line":26,"column":31}},"loc":{"start":{"line":26,"column":58},"end":{"line":33,"column":1}},"line":26},"1":{"name":"(anonymous_1)","decl":{"start":{"line":39,"column":22},"end":{"line":39,"column":29}},"loc":{"start":{"line":39,"column":72},"end":{"line":48,"column":1}},"line":39},"2":{"name":"(anonymous_2)","decl":{"start":{"line":54,"column":22},"end":{"line":54,"column":29}},"loc":{"start":{"line":54,"column":65},"end":{"line":62,"column":1}},"line":54},"3":{"name":"(anonymous_3)","decl":{"start":{"line":69,"column":16},"end":{"line":69,"column":17}},"loc":{"start":{"line":69,"column":27},"end":{"line":71,"column":null}},"line":69},"4":{"name":"(anonymous_4)","decl":{"start":{"line":72,"column":25},"end":{"line":72,"column":26}},"loc":{"start":{"line":72,"column":89},"end":{"line":74,"column":null}},"line":72},"5":{"name":"(anonymous_5)","decl":{"start":{"line":76,"column":17},"end":{"line":76,"column":18}},"loc":{"start":{"line":76,"column":30},"end":{"line":116,"column":null}},"line":76},"6":{"name":"(anonymous_6)","decl":{"start":{"line":79,"column":39},"end":{"line":79,"column":40}},"loc":{"start":{"line":79,"column":50},"end":{"line":82,"column":7}},"line":79},"7":{"name":"(anonymous_7)","decl":{"start":{"line":83,"column":41},"end":{"line":83,"column":42}},"loc":{"start":{"line":83,"column":60},"end":{"line":86,"column":7}},"line":83},"8":{"name":"(anonymous_8)","decl":{"start":{"line":87,"column":40},"end":{"line":87,"column":41}},"loc":{"start":{"line":87,"column":59},"end":{"line":90,"column":7}},"line":87},"9":{"name":"(anonymous_9)","decl":{"start":{"line":92,"column":39},"end":{"line":92,"column":40}},"loc":{"start":{"line":92,"column":50},"end":{"line":95,"column":7}},"line":92},"10":{"name":"(anonymous_10)","decl":{"start":{"line":96,"column":41},"end":{"line":96,"column":42}},"loc":{"start":{"line":96,"column":52},"end":{"line":98,"column":7}},"line":96},"11":{"name":"(anonymous_11)","decl":{"start":{"line":99,"column":40},"end":{"line":99,"column":41}},"loc":{"start":{"line":99,"column":59},"end":{"line":102,"column":7}},"line":99},"12":{"name":"(anonymous_12)","decl":{"start":{"line":104,"column":39},"end":{"line":104,"column":40}},"loc":{"start":{"line":104,"column":50},"end":{"line":107,"column":7}},"line":104},"13":{"name":"(anonymous_13)","decl":{"start":{"line":108,"column":41},"end":{"line":108,"column":42}},"loc":{"start":{"line":108,"column":60},"end":{"line":111,"column":7}},"line":108},"14":{"name":"(anonymous_14)","decl":{"start":{"line":110,"column":49},"end":{"line":110,"column":50}},"loc":{"start":{"line":110,"column":56},"end":{"line":110,"column":79}},"line":110},"15":{"name":"(anonymous_15)","decl":{"start":{"line":112,"column":40},"end":{"line":112,"column":41}},"loc":{"start":{"line":112,"column":59},"end":{"line":115,"column":7}},"line":112},"16":{"name":"(anonymous_16)","decl":{"start":{"line":123,"column":31},"end":{"line":123,"column":32}},"loc":{"start":{"line":123,"column":72},"end":{"line":123,"column":null}},"line":123},"17":{"name":"(anonymous_17)","decl":{"start":{"line":124,"column":38},"end":{"line":124,"column":39}},"loc":{"start":{"line":124,"column":79},"end":{"line":124,"column":null}},"line":124},"18":{"name":"(anonymous_18)","decl":{"start":{"line":125,"column":36},"end":{"line":125,"column":37}},"loc":{"start":{"line":125,"column":77},"end":{"line":125,"column":null}},"line":125},"19":{"name":"(anonymous_19)","decl":{"start":{"line":126,"column":38},"end":{"line":126,"column":39}},"loc":{"start":{"line":126,"column":79},"end":{"line":126,"column":null}},"line":126}},"branchMap":{"0":{"loc":{"start":{"line":31,"column":27},"end":{"line":31,"column":74}},"type":"binary-expr","locations":[{"start":{"line":31,"column":27},"end":{"line":31,"column":47}},{"start":{"line":31,"column":47},"end":{"line":31,"column":74}}],"line":31},"1":{"loc":{"start":{"line":46,"column":27},"end":{"line":46,"column":74}},"type":"binary-expr","locations":[{"start":{"line":46,"column":27},"end":{"line":46,"column":47}},{"start":{"line":46,"column":47},"end":{"line":46,"column":74}}],"line":46},"2":{"loc":{"start":{"line":60,"column":27},"end":{"line":60,"column":74}},"type":"binary-expr","locations":[{"start":{"line":60,"column":27},"end":{"line":60,"column":47}},{"start":{"line":60,"column":47},"end":{"line":60,"column":74}}],"line":60},"3":{"loc":{"start":{"line":89,"column":22},"end":{"line":89,"column":null}},"type":"binary-expr","locations":[{"start":{"line":89,"column":22},"end":{"line":89,"column":40}},{"start":{"line":89,"column":40},"end":{"line":89,"column":null}}],"line":89},"4":{"loc":{"start":{"line":101,"column":22},"end":{"line":101,"column":null}},"type":"binary-expr","locations":[{"start":{"line":101,"column":22},"end":{"line":101,"column":40}},{"start":{"line":101,"column":40},"end":{"line":101,"column":null}}],"line":101},"5":{"loc":{"start":{"line":114,"column":22},"end":{"line":114,"column":null}},"type":"binary-expr","locations":[{"start":{"line":114,"column":22},"end":{"line":114,"column":40}},{"start":{"line":114,"column":40},"end":{"line":114,"column":null}}],"line":114}},"s":{"0":1,"1":1,"2":0,"3":0,"4":0,"5":0,"6":1,"7":0,"8":0,"9":0,"10":0,"11":0,"12":1,"13":0,"14":0,"15":0,"16":0,"17":0,"18":1,"19":1,"20":2,"21":1,"22":1,"23":1,"24":1,"25":1,"26":1,"27":1,"28":0,"29":0,"30":0,"31":0,"32":0,"33":1,"34":1,"35":1,"36":1,"37":2,"38":1,"39":1,"40":1,"41":1,"42":0,"43":1,"44":0,"45":1,"46":0,"47":1,"48":0},"f":{"0":0,"1":0,"2":0,"3":1,"4":2,"5":1,"6":1,"7":1,"8":1,"9":0,"10":0,"11":0,"12":1,"13":1,"14":2,"15":1,"16":0,"17":0,"18":0,"19":0},"b":{"0":[0,0],"1":[0,0],"2":[0,0],"3":[1,0],"4":[0,0],"5":[1,0]},"meta":{"lastBranch":6,"lastFunction":20,"lastStatement":49,"seen":{"s:14:36:19:Infinity":0,"s:22:13:33:Infinity":1,"f:26:24:26:31":0,"s:27:2:32:Infinity":2,"s:28:4:28:Infinity":3,"s:30:21:30:Infinity":4,"s:31:4:31:Infinity":5,"b:31:27:31:47:31:47:31:74":0,"s:35:13:48:Infinity":6,"f:39:22:39:29":1,"s:40:2:47:Infinity":7,"s:41:4:41:Infinity":8,"s:43:4:43:Infinity":9,"s:45:21:45:Infinity":10,"s:46:4:46:Infinity":11,"b:46:27:46:47:46:47:46:74":1,"s:50:13:62:Infinity":12,"f:54:22:54:29":2,"s:55:2:61:Infinity":13,"s:56:4:56:Infinity":14,"s:57:4:57:Infinity":15,"s:59:21:59:Infinity":16,"s:60:4:60:Infinity":17,"b:60:27:60:47:60:47:60:74":2,"s:65:6:117:Infinity":18,"f:69:16:69:17":3,"s:70:6:70:Infinity":19,"f:72:25:72:26":4,"s:73:6:73:Infinity":20,"f:76:17:76:18":5,"s:77:4:115:Infinity":21,"f:79:39:79:40":6,"s:80:8:80:Infinity":22,"s:81:8:81:Infinity":23,"f:83:41:83:42":7,"s:84:8:84:Infinity":24,"s:85:8:85:Infinity":25,"f:87:40:87:41":8,"s:88:8:88:Infinity":26,"s:89:8:89:Infinity":27,"b:89:22:89:40:89:40:89:Infinity":3,"f:92:39:92:40":9,"s:93:8:93:Infinity":28,"s:94:8:94:Infinity":29,"f:96:41:96:42":10,"s:97:8:97:Infinity":30,"f:99:40:99:41":11,"s:100:8:100:Infinity":31,"s:101:8:101:Infinity":32,"b:101:22:101:40:101:40:101:Infinity":4,"f:104:39:104:40":12,"s:105:8:105:Infinity":33,"s:106:8:106:Infinity":34,"f:108:41:108:42":13,"s:109:8:109:Infinity":35,"s:110:8:110:Infinity":36,"f:110:49:110:50":14,"s:110:56:110:79":37,"f:112:40:112:41":15,"s:113:8:113:Infinity":38,"s:114:8:114:Infinity":39,"b:114:22:114:40:114:40:114:Infinity":5,"s:120:51:120:Infinity":40,"s:123:31:123:Infinity":41,"f:123:31:123:32":16,"s:123:72:123:Infinity":42,"s:124:38:124:Infinity":43,"f:124:38:124:39":17,"s:124:79:124:Infinity":44,"s:125:36:125:Infinity":45,"f:125:36:125:37":18,"s:125:77:125:Infinity":46,"s:126:38:126:Infinity":47,"f:126:38:126:39":19,"s:126:79:126:Infinity":48}}}
,"/home/runner/work/Microservice.Email/Microservice.Email/client/src/store/uiSlice.ts": {"path":"/home/runner/work/Microservice.Email/Microservice.Email/client/src/store/uiSlice.ts","statementMap":{"0":{"start":{"line":17,"column":30},"end":{"line":21,"column":null}},"1":{"start":{"line":23,"column":6},"end":{"line":47,"column":null}},"2":{"start":{"line":28,"column":6},"end":{"line":28,"column":null}},"3":{"start":{"line":31,"column":17},"end":{"line":31,"column":null}},"4":{"start":{"line":32,"column":6},"end":{"line":32,"column":null}},"5":{"start":{"line":35,"column":6},"end":{"line":35,"column":null}},"6":{"start":{"line":35,"column":62},"end":{"line":35,"column":85}},"7":{"start":{"line":38,"column":6},"end":{"line":38,"column":null}},"8":{"start":{"line":41,"column":6},"end":{"line":41,"column":null}},"9":{"start":{"line":44,"column":6},"end":{"line":44,"column":null}},"10":{"start":{"line":57,"column":4},"end":{"line":57,"column":null}},"11":{"start":{"line":60,"column":31},"end":{"line":60,"column":null}},"12":{"start":{"line":60,"column":59},"end":{"line":60,"column":null}},"13":{"start":{"line":61,"column":35},"end":{"line":61,"column":null}},"14":{"start":{"line":61,"column":63},"end":{"line":61,"column":null}},"15":{"start":{"line":62,"column":33},"end":{"line":62,"column":null}},"16":{"start":{"line":62,"column":61},"end":{"line":62,"column":null}}},"fnMap":{"0":{"name":"(anonymous_0)","decl":{"start":{"line":27,"column":16},"end":{"line":27,"column":17}},"loc":{"start":{"line":27,"column":59},"end":{"line":29,"column":null}},"line":27},"1":{"name":"(anonymous_1)","decl":{"start":{"line":30,"column":21},"end":{"line":30,"column":22}},"loc":{"start":{"line":30,"column":81},"end":{"line":33,"column":null}},"line":30},"2":{"name":"(anonymous_2)","decl":{"start":{"line":34,"column":24},"end":{"line":34,"column":25}},"loc":{"start":{"line":34,"column":66},"end":{"line":36,"column":null}},"line":34},"3":{"name":"(anonymous_3)","decl":{"start":{"line":35,"column":55},"end":{"line":35,"column":56}},"loc":{"start":{"line":35,"column":62},"end":{"line":35,"column":85}},"line":35},"4":{"name":"(anonymous_4)","decl":{"start":{"line":37,"column":24},"end":{"line":37,"column":25}},"loc":{"start":{"line":37,"column":35},"end":{"line":39,"column":null}},"line":37},"5":{"name":"(anonymous_5)","decl":{"start":{"line":40,"column":19},"end":{"line":40,"column":20}},"loc":{"start":{"line":40,"column":30},"end":{"line":42,"column":null}},"line":40},"6":{"name":"(anonymous_6)","decl":{"start":{"line":43,"column":20},"end":{"line":43,"column":21}},"loc":{"start":{"line":43,"column":63},"end":{"line":45,"column":null}},"line":43},"7":{"name":"(anonymous_7)","decl":{"start":{"line":60,"column":31},"end":{"line":60,"column":32}},"loc":{"start":{"line":60,"column":59},"end":{"line":60,"column":null}},"line":60},"8":{"name":"(anonymous_8)","decl":{"start":{"line":61,"column":35},"end":{"line":61,"column":36}},"loc":{"start":{"line":61,"column":63},"end":{"line":61,"column":null}},"line":61},"9":{"name":"(anonymous_9)","decl":{"start":{"line":62,"column":33},"end":{"line":62,"column":34}},"loc":{"start":{"line":62,"column":61},"end":{"line":62,"column":null}},"line":62}},"branchMap":{},"s":{"0":1,"1":1,"2":1,"3":1,"4":1,"5":1,"6":2,"7":1,"8":2,"9":1,"10":1,"11":1,"12":0,"13":1,"14":0,"15":1,"16":0},"f":{"0":1,"1":1,"2":1,"3":2,"4":1,"5":2,"6":1,"7":0,"8":0,"9":0},"b":{},"meta":{"lastBranch":0,"lastFunction":10,"lastStatement":17,"seen":{"s:17:30:21:Infinity":0,"s:23:6:47:Infinity":1,"f:27:16:27:17":0,"s:28:6:28:Infinity":2,"f:30:21:30:22":1,"s:31:17:31:Infinity":3,"s:32:6:32:Infinity":4,"f:34:24:34:25":2,"s:35:6:35:Infinity":5,"f:35:55:35:56":3,"s:35:62:35:85":6,"f:37:24:37:25":4,"s:38:6:38:Infinity":7,"f:40:19:40:20":5,"s:41:6:41:Infinity":8,"f:43:20:43:21":6,"s:44:6:44:Infinity":9,"s:57:4:57:Infinity":10,"s:60:31:60:Infinity":11,"f:60:31:60:32":7,"s:60:59:60:Infinity":12,"s:61:35:61:Infinity":13,"f:61:35:61:36":8,"s:61:63:61:Infinity":14,"s:62:33:62:Infinity":15,"f:62:33:62:34":9,"s:62:61:62:Infinity":16}}}
,"/home/runner/work/Microservice.Email/Microservice.Email/client/src/types/api.types.ts": {"path":"/home/runner/work/Microservice.Email/Microservice.Email/client/src/types/api.types.ts","statementMap":{},"fnMap":{},"branchMap":{},"s":{},"f":{},"b":{},"meta":{"lastBranch":0,"lastFunction":0,"lastStatement":0,"seen":{}}}
,"/home/runner/work/Microservice.Email/Microservice.Email/client/src/types/index.ts": {"path":"/home/runner/work/Microservice.Email/Microservice.Email/client/src/types/index.ts","statementMap":{},"fnMap":{},"branchMap":{},"s":{},"f":{},"b":{},"meta":{"lastBranch":0,"lastFunction":0,"lastStatement":0,"seen":{}}}
}
